<?xml version="1.0" encoding="UTF-8"?>
<!-- Generated by org.testng.reporters.JUnitReportReporter -->
<testsuite hostname="vasu-PC" name="com.manoj.testng.BeforeTestAndAfterTest" tests="1" failures="0" timestamp="12 Jun 2019 05:02:43 GMT" time="1.518" errors="0">
  <testcase name="appLogin" time="1.518" classname="com.manoj.testng.BeforeTestAndAfterTest"/>
</testsuite> <!-- com.manoj.testng.BeforeTestAndAfterTest -->
