<?xml version="1.0" encoding="UTF-8"?>
<!-- Generated by org.testng.reporters.JUnitReportReporter -->
<testsuite hostname="vasu-PC" name="com.manoj.testng.DynamicXpath" tests="1" failures="0" timestamp="14 Jun 2019 04:47:41 GMT" time="39.011" errors="0">
  <testcase name="dynamicxpath" time="39.011" classname="com.manoj.testng.DynamicXpath"/>
</testsuite> <!-- com.manoj.testng.DynamicXpath -->
