<?xml version="1.0" encoding="UTF-8"?>
<!-- Generated by org.testng.reporters.JUnitReportReporter -->
<testsuite hostname="vasu-PC" name="com.manoj.testng.BranchCreation" tests="1" failures="0" timestamp="12 Jun 2019 04:51:12 GMT" time="13.922" errors="0">
  <testcase name="branchCreation" time="13.922" classname="com.manoj.testng.BranchCreation"/>
</testsuite> <!-- com.manoj.testng.BranchCreation -->
