<?xml version="1.0" encoding="UTF-8"?>
<!-- Generated by org.testng.reporters.JUnitReportReporter -->
<testsuite hostname="vasu-PC" name="com.manoj.testng.BranchUpdation" tests="1" failures="0" timestamp="12 Jun 2019 04:51:12 GMT" time="0.009" errors="0">
  <testcase name="branchUpdation" time="0.009" classname="com.manoj.testng.BranchUpdation"/>
</testsuite> <!-- com.manoj.testng.BranchUpdation -->
