<?xml version="1.0" encoding="UTF-8"?>
<!-- Generated by org.testng.reporters.JUnitReportReporter -->
<testsuite hostname="vasu-PC" name="com.manoj.testng.WebTableTest" tests="1" failures="0" timestamp="14 Jun 2019 05:04:21 GMT" time="34.020" errors="0">
  <testcase name="webtable" time="34.020" classname="com.manoj.testng.WebTableTest"/>
</testsuite> <!-- com.manoj.testng.WebTableTest -->
