<?xml version="1.0" encoding="UTF-8"?>
<!-- Generated by org.testng.reporters.JUnitReportReporter -->
<testsuite hostname="vasu-PC" name="com.manoj.testng.FirstTestNgTest" tests="1" failures="0" timestamp="10 Jun 2019 05:18:56 GMT" time="0.005" errors="0">
  <testcase name="sample" time="0.005" classname="com.manoj.testng.FirstTestNgTest"/>
</testsuite> <!-- com.manoj.testng.FirstTestNgTest -->
