<?xml version="1.0" encoding="UTF-8"?>
<!-- Generated by org.testng.reporters.JUnitReportReporter -->
<testsuite hostname="vasu-PC" name="com.manoj.testng.AdminLoginTest" tests="1" failures="0" timestamp="10 Jun 2019 05:18:56 GMT" time="36.526" errors="0">
  <testcase name="adminLogin" time="36.526" classname="com.manoj.testng.AdminLoginTest"/>
</testsuite> <!-- com.manoj.testng.AdminLoginTest -->
