<?xml version="1.0" encoding="UTF-8"?>
<!-- Generated by org.testng.reporters.JUnitReportReporter -->
<testsuite hostname="vasu-PC" name="com.manoj.testng.AnnotationsTest" tests="2" failures="0" timestamp="10 Jun 2019 05:18:56 GMT" time="0.013" errors="0">
  <testcase name="method2" time="0.003" classname="com.manoj.testng.AnnotationsTest"/>
  <testcase name="method1" time="0.010" classname="com.manoj.testng.AnnotationsTest"/>
</testsuite> <!-- com.manoj.testng.AnnotationsTest -->
